# JRE version: Java(TM) SE Runtime Environment (8.0_451) (build 1.8.0_451-b10)
# Java VM: Java HotSpot(TM) 64-Bit Server VM (25.451-b10 mixed mode windows-amd64 compressed oops)
Heap:
 PSYoungGen      total 138752K, used 55022K [0x00000000d6300000, 0x00000000e3080000, 0x0000000100000000)
  eden space 129536K, 42% used [0x00000000d6300000,0x00000000d98bbac8,0x00000000de180000)
  from space 9216K, 0% used [0x00000000de180000,0x00000000de180000,0x00000000dea80000)
  to   space 11776K, 0% used [0x00000000e2500000,0x00000000e2500000,0x00000000e3080000)
 ParOldGen       total 72704K, used 16289K [0x0000000082800000, 0x0000000086f00000, 0x00000000d6300000)
  object space 72704K, 22% used [0x0000000082800000,0x00000000837e8638,0x0000000086f00000)
 Metaspace       used 38186K, capacity 40442K, committed 40576K, reserved 1085440K
  class space    used 4770K, capacity 5196K, committed 5248K, reserved 1048576K
GC Heap History (10 events):
Event: 4.095 GC heap before
{Heap before GC invocations=5 (full 0):
 PSYoungGen      total 70656K, used 18494K [0x00000000d6300000, 0x00000000dad00000, 0x0000000100000000)
  eden space 65536K, 20% used [0x00000000d6300000,0x00000000d7016220,0x00000000da300000)
  from space 5120K, 99% used [0x00000000da800000,0x00000000dacf9708,0x00000000dad00000)
  to   space 5120K, 0% used [0x00000000da300000,0x00000000da300000,0x00000000da800000)
 ParOldGen       total 86016K, used 6441K [0x0000000082800000, 0x0000000087c00000, 0x00000000d6300000)
  object space 86016K, 7% used [0x0000000082800000,0x0000000082e4a4a8,0x0000000087c00000)
 Metaspace       used 20349K, capacity 21250K, committed 21296K, reserved 1067008K
  class space    used 2697K, capacity 2914K, committed 2944K, reserved 1048576K
Event: 4.101 GC heap after
Heap after GC invocations=5 (full 0):
 PSYoungGen      total 70656K, used 5109K [0x00000000d6300000, 0x00000000df500000, 0x0000000100000000)
  eden space 65536K, 0% used [0x00000000d6300000,0x00000000d6300000,0x00000000da300000)
  from space 5120K, 99% used [0x00000000da300000,0x00000000da7fd718,0x00000000da800000)
  to   space 9216K, 0% used [0x00000000dec00000,0x00000000dec00000,0x00000000df500000)
 ParOldGen       total 86016K, used 7083K [0x0000000082800000, 0x0000000087c00000, 0x00000000d6300000)
  object space 86016K, 8% used [0x0000000082800000,0x0000000082eeac60,0x0000000087c00000)
 Metaspace       used 20349K, capacity 21250K, committed 21296K, reserved 1067008K
  class space    used 2697K, capacity 2914K, committed 2944K, reserved 1048576K
}
Event: 4.101 GC heap before
{Heap before GC invocations=6 (full 1):
 PSYoungGen      total 70656K, used 5109K [0x00000000d6300000, 0x00000000df500000, 0x0000000100000000)
  eden space 65536K, 0% used [0x00000000d6300000,0x00000000d6300000,0x00000000da300000)
  from space 5120K, 99% used [0x00000000da300000,0x00000000da7fd718,0x00000000da800000)
  to   space 9216K, 0% used [0x00000000dec00000,0x00000000dec00000,0x00000000df500000)
 ParOldGen       total 86016K, used 7083K [0x0000000082800000, 0x0000000087c00000, 0x00000000d6300000)
  object space 86016K, 8% used [0x0000000082800000,0x0000000082eeac60,0x0000000087c00000)
 Metaspace       used 20349K, capacity 21250K, committed 21296K, reserved 1067008K
  class space    used 2697K, capacity 2914K, committed 2944K, reserved 1048576K
Event: 4.133 GC heap after
Heap after GC invocations=6 (full 1):
 PSYoungGen      total 70656K, used 0K [0x00000000d6300000, 0x00000000df500000, 0x0000000100000000)
  eden space 65536K, 0% used [0x00000000d6300000,0x00000000d6300000,0x00000000da300000)
  from space 5120K, 0% used [0x00000000da300000,0x00000000da300000,0x00000000da800000)
  to   space 9216K, 0% used [0x00000000dec00000,0x00000000dec00000,0x00000000df500000)
 ParOldGen       total 51712K, used 6471K [0x0000000082800000, 0x0000000085a80000, 0x00000000d6300000)
  object space 51712K, 12% used [0x0000000082800000,0x0000000082e51f80,0x0000000085a80000)
 Metaspace       used 20349K, capacity 21250K, committed 21296K, reserved 1067008K
  class space    used 2697K, capacity 2914K, committed 2944K, reserved 1048576K
}
Event: 4.802 GC heap before
{Heap before GC invocations=7 (full 1):
 PSYoungGen      total 70656K, used 65536K [0x00000000d6300000, 0x00000000df500000, 0x0000000100000000)
  eden space 65536K, 100% used [0x00000000d6300000,0x00000000da300000,0x00000000da300000)
  from space 5120K, 0% used [0x00000000da300000,0x00000000da300000,0x00000000da800000)
  to   space 9216K, 0% used [0x00000000dec00000,0x00000000dec00000,0x00000000df500000)
 ParOldGen       total 51712K, used 6471K [0x0000000082800000, 0x0000000085a80000, 0x00000000d6300000)
  object space 51712K, 12% used [0x0000000082800000,0x0000000082e51f80,0x0000000085a80000)
 Metaspace       used 26194K, capacity 27814K, committed 28160K, reserved 1073152K
  class space    used 3462K, capacity 3784K, committed 3840K, reserved 1048576K
Event: 4.809 GC heap after
Heap after GC invocations=7 (full 1):
 PSYoungGen      total 120320K, used 7399K [0x00000000d6300000, 0x00000000df380000, 0x0000000100000000)
  eden space 112640K, 0% used [0x00000000d6300000,0x00000000d6300000,0x00000000dd100000)
  from space 7680K, 96% used [0x00000000dec00000,0x00000000df339c60,0x00000000df380000)
  to   space 9216K, 0% used [0x00000000de180000,0x00000000de180000,0x00000000dea80000)
 ParOldGen       total 51712K, used 6479K [0x0000000082800000, 0x0000000085a80000, 0x00000000d6300000)
  object space 51712K, 12% used [0x0000000082800000,0x0000000082e53f80,0x0000000085a80000)
 Metaspace       used 26194K, capacity 27814K, committed 28160K, reserved 1073152K
  class space    used 3462K, capacity 3784K, committed 3840K, reserved 1048576K
}
Event: 36.160 GC heap before
{Heap before GC invocations=8 (full 1):
 PSYoungGen      total 120320K, used 112842K [0x00000000d6300000, 0x00000000df380000, 0x0000000100000000)
  eden space 112640K, 93% used [0x00000000d6300000,0x00000000dc9f8ce0,0x00000000dd100000)
  from space 7680K, 96% used [0x00000000dec00000,0x00000000df339c60,0x00000000df380000)
  to   space 9216K, 0% used [0x00000000de180000,0x00000000de180000,0x00000000dea80000)
 ParOldGen       total 51712K, used 6479K [0x0000000082800000, 0x0000000085a80000, 0x00000000d6300000)
  object space 51712K, 12% used [0x0000000082800000,0x0000000082e53f80,0x0000000085a80000)
 Metaspace       used 33214K, capacity 35358K, committed 35496K, reserved 1079296K
  class space    used 4370K, capacity 4767K, committed 4864K, reserved 1048576K
Event: 36.172 GC heap after
Heap after GC invocations=8 (full 1):
 PSYoungGen      total 138752K, used 9202K [0x00000000d6300000, 0x00000000e3080000, 0x0000000100000000)
  eden space 129536K, 0% used [0x00000000d6300000,0x00000000d6300000,0x00000000de180000)
  from space 9216K, 99% used [0x00000000de180000,0x00000000dea7c990,0x00000000dea80000)
  to   space 11776K, 0% used [0x00000000e2500000,0x00000000e2500000,0x00000000e3080000)
 ParOldGen       total 51712K, used 9193K [0x0000000082800000, 0x0000000085a80000, 0x00000000d6300000)
  object space 51712K, 17% used [0x0000000082800000,0x00000000830fa660,0x0000000085a80000)
 Metaspace       used 33214K, capacity 35358K, committed 35496K, reserved 1079296K
  class space    used 4370K, capacity 4767K, committed 4864K, reserved 1048576K
}
Event: 36.172 GC heap before
{Heap before GC invocations=9 (full 2):
 PSYoungGen      total 138752K, used 9202K [0x00000000d6300000, 0x00000000e3080000, 0x0000000100000000)
  eden space 129536K, 0% used [0x00000000d6300000,0x00000000d6300000,0x00000000de180000)
  from space 9216K, 99% used [0x00000000de180000,0x00000000dea7c990,0x00000000dea80000)
  to   space 11776K, 0% used [0x00000000e2500000,0x00000000e2500000,0x00000000e3080000)
 ParOldGen       total 51712K, used 9193K [0x0000000082800000, 0x0000000085a80000, 0x00000000d6300000)
  object space 51712K, 17% used [0x0000000082800000,0x00000000830fa660,0x0000000085a80000)
 Metaspace       used 33214K, capacity 35358K, committed 35496K, reserved 1079296K
  class space    used 4370K, capacity 4767K, committed 4864K, reserved 1048576K
Event: 36.239 GC heap after
Heap after GC invocations=9 (full 2):
 PSYoungGen      total 138752K, used 0K [0x00000000d6300000, 0x00000000e3080000, 0x0000000100000000)
  eden space 129536K, 0% used [0x00000000d6300000,0x00000000d6300000,0x00000000de180000)
  from space 9216K, 0% used [0x00000000de180000,0x00000000de180000,0x00000000dea80000)
  to   space 11776K, 0% used [0x00000000e2500000,0x00000000e2500000,0x00000000e3080000)
 ParOldGen       total 72704K, used 16289K [0x0000000082800000, 0x0000000086f00000, 0x00000000d6300000)
  object space 72704K, 22% used [0x0000000082800000,0x00000000837e8638,0x0000000086f00000)
 Metaspace       used 33214K, capacity 35358K, committed 35496K, reserved 1079296K
  class space    used 4370K, capacity 4767K, committed 4864K, reserved 1048576K
}

