# JRE version: Java(TM) SE Runtime Environment (8.0_451) (build 1.8.0_451-b10)
# Java VM: Java HotSpot(TM) 64-Bit Server VM (25.451-b10 mixed mode windows-amd64 compressed oops)
Heap:
 PSYoungGen      total 208384K, used 57326K [0x00000000d6300000, 0x00000000e5800000, 0x0000000100000000)
  eden space 197120K, 29% used [0x00000000d6300000,0x00000000d9afbb58,0x00000000e2380000)
  from space 11264K, 0% used [0x00000000e2f00000,0x00000000e2f00000,0x00000000e3a00000)
  to   space 11776K, 0% used [0x00000000e2380000,0x00000000e2380000,0x00000000e2f00000)
 ParOldGen       total 64000K, used 13308K [0x0000000082800000, 0x0000000086680000, 0x00000000d6300000)
  object space 64000K, 20% used [0x0000000082800000,0x00000000834ff240,0x0000000086680000)
 Metaspace       used 38641K, capacity 41014K, committed 41216K, reserved 1085440K
  class space    used 4853K, capacity 5302K, committed 5376K, reserved 1048576K
GC Heap History (10 events):
Event: 8.468 GC heap before
{Heap before GC invocations=6 (full 1):
 PSYoungGen      total 70656K, used 5094K [0x00000000d6300000, 0x00000000df400000, 0x0000000100000000)
  eden space 65536K, 0% used [0x00000000d6300000,0x00000000d6300000,0x00000000da300000)
  from space 5120K, 99% used [0x00000000da300000,0x00000000da7f9888,0x00000000da800000)
  to   space 8704K, 0% used [0x00000000deb80000,0x00000000deb80000,0x00000000df400000)
 ParOldGen       total 86016K, used 7348K [0x0000000082800000, 0x0000000087c00000, 0x00000000d6300000)
  object space 86016K, 8% used [0x0000000082800000,0x0000000082f2d108,0x0000000087c00000)
 Metaspace       used 20293K, capacity 21224K, committed 21296K, reserved 1067008K
  class space    used 2686K, capacity 2911K, committed 2944K, reserved 1048576K
Event: 8.532 GC heap after
Heap after GC invocations=6 (full 1):
 PSYoungGen      total 70656K, used 0K [0x00000000d6300000, 0x00000000df400000, 0x0000000100000000)
  eden space 65536K, 0% used [0x00000000d6300000,0x00000000d6300000,0x00000000da300000)
  from space 5120K, 0% used [0x00000000da300000,0x00000000da300000,0x00000000da800000)
  to   space 8704K, 0% used [0x00000000deb80000,0x00000000deb80000,0x00000000df400000)
 ParOldGen       total 49664K, used 6613K [0x0000000082800000, 0x0000000085880000, 0x00000000d6300000)
  object space 49664K, 13% used [0x0000000082800000,0x0000000082e75550,0x0000000085880000)
 Metaspace       used 20293K, capacity 21224K, committed 21296K, reserved 1067008K
  class space    used 2686K, capacity 2911K, committed 2944K, reserved 1048576K
}
Event: 10.318 GC heap before
{Heap before GC invocations=7 (full 1):
 PSYoungGen      total 70656K, used 65536K [0x00000000d6300000, 0x00000000df400000, 0x0000000100000000)
  eden space 65536K, 100% used [0x00000000d6300000,0x00000000da300000,0x00000000da300000)
  from space 5120K, 0% used [0x00000000da300000,0x00000000da300000,0x00000000da800000)
  to   space 8704K, 0% used [0x00000000deb80000,0x00000000deb80000,0x00000000df400000)
 ParOldGen       total 49664K, used 6613K [0x0000000082800000, 0x0000000085880000, 0x00000000d6300000)
  object space 49664K, 13% used [0x0000000082800000,0x0000000082e75550,0x0000000085880000)
 Metaspace       used 26084K, capacity 27712K, committed 27904K, reserved 1073152K
  class space    used 3478K, capacity 3801K, committed 3840K, reserved 1048576K
Event: 10.331 GC heap after
Heap after GC invocations=7 (full 1):
 PSYoungGen      total 123392K, used 7448K [0x00000000d6300000, 0x00000000df300000, 0x0000000100000000)
  eden space 115712K, 0% used [0x00000000d6300000,0x00000000d6300000,0x00000000dd400000)
  from space 7680K, 96% used [0x00000000deb80000,0x00000000df2c6158,0x00000000df300000)
  to   space 9216K, 0% used [0x00000000de100000,0x00000000de100000,0x00000000dea00000)
 ParOldGen       total 49664K, used 6621K [0x0000000082800000, 0x0000000085880000, 0x00000000d6300000)
  object space 49664K, 13% used [0x0000000082800000,0x0000000082e77550,0x0000000085880000)
 Metaspace       used 26084K, capacity 27712K, committed 27904K, reserved 1073152K
  class space    used 3478K, capacity 3801K, committed 3840K, reserved 1048576K
}
Event: 53.950 GC heap before
{Heap before GC invocations=8 (full 1):
 PSYoungGen      total 123392K, used 123160K [0x00000000d6300000, 0x00000000df300000, 0x0000000100000000)
  eden space 115712K, 100% used [0x00000000d6300000,0x00000000dd400000,0x00000000dd400000)
  from space 7680K, 96% used [0x00000000deb80000,0x00000000df2c6158,0x00000000df300000)
  to   space 9216K, 0% used [0x00000000de100000,0x00000000de100000,0x00000000dea00000)
 ParOldGen       total 49664K, used 6621K [0x0000000082800000, 0x0000000085880000, 0x00000000d6300000)
  object space 49664K, 13% used [0x0000000082800000,0x0000000082e77550,0x0000000085880000)
 Metaspace       used 32007K, capacity 34244K, committed 34432K, reserved 1079296K
  class space    used 4263K, capacity 4664K, committed 4736K, reserved 1048576K
Event: 53.968 GC heap after
Heap after GC invocations=8 (full 1):
 PSYoungGen      total 138240K, used 9190K [0x00000000d6300000, 0x00000000e3a00000, 0x0000000100000000)
  eden space 129024K, 0% used [0x00000000d6300000,0x00000000d6300000,0x00000000de100000)
  from space 9216K, 99% used [0x00000000de100000,0x00000000de9f9828,0x00000000dea00000)
  to   space 11264K, 0% used [0x00000000e2f00000,0x00000000e2f00000,0x00000000e3a00000)
 ParOldGen       total 49664K, used 9654K [0x0000000082800000, 0x0000000085880000, 0x00000000d6300000)
  object space 49664K, 19% used [0x0000000082800000,0x000000008316da28,0x0000000085880000)
 Metaspace       used 32007K, capacity 34244K, committed 34432K, reserved 1079296K
  class space    used 4263K, capacity 4664K, committed 4736K, reserved 1048576K
}
Event: 54.329 GC heap before
{Heap before GC invocations=9 (full 1):
 PSYoungGen      total 138240K, used 21591K [0x00000000d6300000, 0x00000000e3a00000, 0x0000000100000000)
  eden space 129024K, 9% used [0x00000000d6300000,0x00000000d6f1c4f0,0x00000000de100000)
  from space 9216K, 99% used [0x00000000de100000,0x00000000de9f9828,0x00000000dea00000)
  to   space 11264K, 0% used [0x00000000e2f00000,0x00000000e2f00000,0x00000000e3a00000)
 ParOldGen       total 49664K, used 9654K [0x0000000082800000, 0x0000000085880000, 0x00000000d6300000)
  object space 49664K, 19% used [0x0000000082800000,0x000000008316da28,0x0000000085880000)
 Metaspace       used 33127K, capacity 35456K, committed 35496K, reserved 1079296K
  class space    used 4400K, capacity 4842K, committed 4864K, reserved 1048576K
Event: 54.344 GC heap after
Heap after GC invocations=9 (full 1):
 PSYoungGen      total 208384K, used 8743K [0x00000000d6300000, 0x00000000e5800000, 0x0000000100000000)
  eden space 197120K, 0% used [0x00000000d6300000,0x00000000d6300000,0x00000000e2380000)
  from space 11264K, 77% used [0x00000000e2f00000,0x00000000e3789dd0,0x00000000e3a00000)
  to   space 11776K, 0% used [0x00000000e2380000,0x00000000e2380000,0x00000000e2f00000)
 ParOldGen       total 49664K, used 9662K [0x0000000082800000, 0x0000000085880000, 0x00000000d6300000)
  object space 49664K, 19% used [0x0000000082800000,0x000000008316fa28,0x0000000085880000)
 Metaspace       used 33127K, capacity 35456K, committed 35496K, reserved 1079296K
  class space    used 4400K, capacity 4842K, committed 4864K, reserved 1048576K
}
Event: 54.345 GC heap before
{Heap before GC invocations=10 (full 2):
 PSYoungGen      total 208384K, used 8743K [0x00000000d6300000, 0x00000000e5800000, 0x0000000100000000)
  eden space 197120K, 0% used [0x00000000d6300000,0x00000000d6300000,0x00000000e2380000)
  from space 11264K, 77% used [0x00000000e2f00000,0x00000000e3789dd0,0x00000000e3a00000)
  to   space 11776K, 0% used [0x00000000e2380000,0x00000000e2380000,0x00000000e2f00000)
 ParOldGen       total 49664K, used 9662K [0x0000000082800000, 0x0000000085880000, 0x00000000d6300000)
  object space 49664K, 19% used [0x0000000082800000,0x000000008316fa28,0x0000000085880000)
 Metaspace       used 33127K, capacity 35456K, committed 35496K, reserved 1079296K
  class space    used 4400K, capacity 4842K, committed 4864K, reserved 1048576K
Event: 54.455 GC heap after
Heap after GC invocations=10 (full 2):
 PSYoungGen      total 208384K, used 0K [0x00000000d6300000, 0x00000000e5800000, 0x0000000100000000)
  eden space 197120K, 0% used [0x00000000d6300000,0x00000000d6300000,0x00000000e2380000)
  from space 11264K, 0% used [0x00000000e2f00000,0x00000000e2f00000,0x00000000e3a00000)
  to   space 11776K, 0% used [0x00000000e2380000,0x00000000e2380000,0x00000000e2f00000)
 ParOldGen       total 64000K, used 13308K [0x0000000082800000, 0x0000000086680000, 0x00000000d6300000)
  object space 64000K, 20% used [0x0000000082800000,0x00000000834ff240,0x0000000086680000)
 Metaspace       used 33127K, capacity 35456K, committed 35496K, reserved 1079296K
  class space    used 4400K, capacity 4842K, committed 4864K, reserved 1048576K
}

