# JRE version: Java(TM) SE Runtime Environment (8.0_451) (build 1.8.0_451-b10)
# Java VM: Java HotSpot(TM) 64-Bit Server VM (25.451-b10 mixed mode windows-amd64 compressed oops)
Heap:
 PSYoungGen      total 138240K, used 52743K [0x00000000d6300000, 0x00000000e2980000, 0x0000000100000000)
  eden space 128512K, 41% used [0x00000000d6300000,0x00000000d9681de0,0x00000000de080000)
  from space 9728K, 0% used [0x00000000de080000,0x00000000de080000,0x00000000dea00000)
  to   space 12288K, 0% used [0x00000000e1d80000,0x00000000e1d80000,0x00000000e2980000)
 ParOldGen       total 79360K, used 16438K [0x0000000082800000, 0x0000000087580000, 0x00000000d6300000)
  object space 79360K, 20% used [0x0000000082800000,0x000000008380da70,0x0000000087580000)
 Metaspace       used 38162K, capacity 40438K, committed 40576K, reserved 1085440K
  class space    used 4769K, capacity 5194K, committed 5248K, reserved 1048576K
GC Heap History (10 events):
Event: 2.984 GC heap before
{Heap before GC invocations=5 (full 0):
 PSYoungGen      total 70656K, used 18443K [0x00000000d6300000, 0x00000000dad00000, 0x0000000100000000)
  eden space 65536K, 20% used [0x00000000d6300000,0x00000000d7005778,0x00000000da300000)
  from space 5120K, 99% used [0x00000000da800000,0x00000000dacfd718,0x00000000dad00000)
  to   space 5120K, 0% used [0x00000000da300000,0x00000000da300000,0x00000000da800000)
 ParOldGen       total 86016K, used 6537K [0x0000000082800000, 0x0000000087c00000, 0x00000000d6300000)
  object space 86016K, 7% used [0x0000000082800000,0x0000000082e627e8,0x0000000087c00000)
 Metaspace       used 20343K, capacity 21246K, committed 21296K, reserved 1067008K
  class space    used 2694K, capacity 2914K, committed 2944K, reserved 1048576K
Event: 2.989 GC heap after
Heap after GC invocations=5 (full 0):
 PSYoungGen      total 70656K, used 5104K [0x00000000d6300000, 0x00000000df500000, 0x0000000100000000)
  eden space 65536K, 0% used [0x00000000d6300000,0x00000000d6300000,0x00000000da300000)
  from space 5120K, 99% used [0x00000000da300000,0x00000000da7fc050,0x00000000da800000)
  to   space 9216K, 0% used [0x00000000dec00000,0x00000000dec00000,0x00000000df500000)
 ParOldGen       total 86016K, used 7031K [0x0000000082800000, 0x0000000087c00000, 0x00000000d6300000)
  object space 86016K, 8% used [0x0000000082800000,0x0000000082eddc10,0x0000000087c00000)
 Metaspace       used 20343K, capacity 21246K, committed 21296K, reserved 1067008K
  class space    used 2694K, capacity 2914K, committed 2944K, reserved 1048576K
}
Event: 2.989 GC heap before
{Heap before GC invocations=6 (full 1):
 PSYoungGen      total 70656K, used 5104K [0x00000000d6300000, 0x00000000df500000, 0x0000000100000000)
  eden space 65536K, 0% used [0x00000000d6300000,0x00000000d6300000,0x00000000da300000)
  from space 5120K, 99% used [0x00000000da300000,0x00000000da7fc050,0x00000000da800000)
  to   space 9216K, 0% used [0x00000000dec00000,0x00000000dec00000,0x00000000df500000)
 ParOldGen       total 86016K, used 7031K [0x0000000082800000, 0x0000000087c00000, 0x00000000d6300000)
  object space 86016K, 8% used [0x0000000082800000,0x0000000082eddc10,0x0000000087c00000)
 Metaspace       used 20343K, capacity 21246K, committed 21296K, reserved 1067008K
  class space    used 2694K, capacity 2914K, committed 2944K, reserved 1048576K
Event: 3.022 GC heap after
Heap after GC invocations=6 (full 1):
 PSYoungGen      total 70656K, used 0K [0x00000000d6300000, 0x00000000df500000, 0x0000000100000000)
  eden space 65536K, 0% used [0x00000000d6300000,0x00000000d6300000,0x00000000da300000)
  from space 5120K, 0% used [0x00000000da300000,0x00000000da300000,0x00000000da800000)
  to   space 9216K, 0% used [0x00000000dec00000,0x00000000dec00000,0x00000000df500000)
 ParOldGen       total 53248K, used 6406K [0x0000000082800000, 0x0000000085c00000, 0x00000000d6300000)
  object space 53248K, 12% used [0x0000000082800000,0x0000000082e41930,0x0000000085c00000)
 Metaspace       used 20343K, capacity 21246K, committed 21296K, reserved 1067008K
  class space    used 2694K, capacity 2914K, committed 2944K, reserved 1048576K
}
Event: 3.899 GC heap before
{Heap before GC invocations=7 (full 1):
 PSYoungGen      total 70656K, used 65536K [0x00000000d6300000, 0x00000000df500000, 0x0000000100000000)
  eden space 65536K, 100% used [0x00000000d6300000,0x00000000da300000,0x00000000da300000)
  from space 5120K, 0% used [0x00000000da300000,0x00000000da300000,0x00000000da800000)
  to   space 9216K, 0% used [0x00000000dec00000,0x00000000dec00000,0x00000000df500000)
 ParOldGen       total 53248K, used 6406K [0x0000000082800000, 0x0000000085c00000, 0x00000000d6300000)
  object space 53248K, 12% used [0x0000000082800000,0x0000000082e41930,0x0000000085c00000)
 Metaspace       used 26204K, capacity 27810K, committed 27904K, reserved 1073152K
  class space    used 3468K, capacity 3784K, committed 3840K, reserved 1048576K
Event: 3.910 GC heap after
Heap after GC invocations=7 (full 1):
 PSYoungGen      total 117760K, used 7670K [0x00000000d6300000, 0x00000000df380000, 0x0000000100000000)
  eden space 110080K, 0% used [0x00000000d6300000,0x00000000d6300000,0x00000000dce80000)
  from space 7680K, 99% used [0x00000000dec00000,0x00000000df37d990,0x00000000df380000)
  to   space 9728K, 0% used [0x00000000de080000,0x00000000de080000,0x00000000dea00000)
 ParOldGen       total 53248K, used 6414K [0x0000000082800000, 0x0000000085c00000, 0x00000000d6300000)
  object space 53248K, 12% used [0x0000000082800000,0x0000000082e43930,0x0000000085c00000)
 Metaspace       used 26204K, capacity 27810K, committed 27904K, reserved 1073152K
  class space    used 3468K, capacity 3784K, committed 3840K, reserved 1048576K
}
Event: 9.138 GC heap before
{Heap before GC invocations=8 (full 1):
 PSYoungGen      total 117760K, used 111425K [0x00000000d6300000, 0x00000000df380000, 0x0000000100000000)
  eden space 110080K, 94% used [0x00000000d6300000,0x00000000dc852c80,0x00000000dce80000)
  from space 7680K, 99% used [0x00000000dec00000,0x00000000df37d990,0x00000000df380000)
  to   space 9728K, 0% used [0x00000000de080000,0x00000000de080000,0x00000000dea00000)
 ParOldGen       total 53248K, used 6414K [0x0000000082800000, 0x0000000085c00000, 0x00000000d6300000)
  object space 53248K, 12% used [0x0000000082800000,0x0000000082e43930,0x0000000085c00000)
 Metaspace       used 33247K, capacity 35420K, committed 35496K, reserved 1079296K
  class space    used 4371K, capacity 4792K, committed 4864K, reserved 1048576K
Event: 9.150 GC heap after
Heap after GC invocations=8 (full 1):
 PSYoungGen      total 138240K, used 9713K [0x00000000d6300000, 0x00000000e2980000, 0x0000000100000000)
  eden space 128512K, 0% used [0x00000000d6300000,0x00000000d6300000,0x00000000de080000)
  from space 9728K, 99% used [0x00000000de080000,0x00000000de9fc7b0,0x00000000dea00000)
  to   space 12288K, 0% used [0x00000000e1d80000,0x00000000e1d80000,0x00000000e2980000)
 ParOldGen       total 53248K, used 8769K [0x0000000082800000, 0x0000000085c00000, 0x00000000d6300000)
  object space 53248K, 16% used [0x0000000082800000,0x0000000083090728,0x0000000085c00000)
 Metaspace       used 33247K, capacity 35420K, committed 35496K, reserved 1079296K
  class space    used 4371K, capacity 4792K, committed 4864K, reserved 1048576K
}
Event: 9.150 GC heap before
{Heap before GC invocations=9 (full 2):
 PSYoungGen      total 138240K, used 9713K [0x00000000d6300000, 0x00000000e2980000, 0x0000000100000000)
  eden space 128512K, 0% used [0x00000000d6300000,0x00000000d6300000,0x00000000de080000)
  from space 9728K, 99% used [0x00000000de080000,0x00000000de9fc7b0,0x00000000dea00000)
  to   space 12288K, 0% used [0x00000000e1d80000,0x00000000e1d80000,0x00000000e2980000)
 ParOldGen       total 53248K, used 8769K [0x0000000082800000, 0x0000000085c00000, 0x00000000d6300000)
  object space 53248K, 16% used [0x0000000082800000,0x0000000083090728,0x0000000085c00000)
 Metaspace       used 33247K, capacity 35420K, committed 35496K, reserved 1079296K
  class space    used 4371K, capacity 4792K, committed 4864K, reserved 1048576K
Event: 9.217 GC heap after
Heap after GC invocations=9 (full 2):
 PSYoungGen      total 138240K, used 0K [0x00000000d6300000, 0x00000000e2980000, 0x0000000100000000)
  eden space 128512K, 0% used [0x00000000d6300000,0x00000000d6300000,0x00000000de080000)
  from space 9728K, 0% used [0x00000000de080000,0x00000000de080000,0x00000000dea00000)
  to   space 12288K, 0% used [0x00000000e1d80000,0x00000000e1d80000,0x00000000e2980000)
 ParOldGen       total 79360K, used 16438K [0x0000000082800000, 0x0000000087580000, 0x00000000d6300000)
  object space 79360K, 20% used [0x0000000082800000,0x000000008380da70,0x0000000087580000)
 Metaspace       used 33247K, capacity 35420K, committed 35496K, reserved 1079296K
  class space    used 4371K, capacity 4792K, committed 4864K, reserved 1048576K
}

