# JRE version: OpenJDK Runtime Environment (8.0_452-b09) (build 1.8.0_452-b09)
# Java VM: OpenJDK 64-Bit Server VM (25.452-b09 mixed mode windows-amd64 compressed oops)
Heap:
 PSYoungGen      total 187904K, used 85134K [0x00000000d6300000, 0x00000000e4000000, 0x0000000100000000)
  eden space 176640K, 48% used [0x00000000d6300000,0x00000000db623838,0x00000000e0f80000)
  from space 11264K, 0% used [0x00000000e1b80000,0x00000000e1b80000,0x00000000e2680000)
  to   space 12288K, 0% used [0x00000000e0f80000,0x00000000e0f80000,0x00000000e1b80000)
 ParOldGen       total 77824K, used 15265K [0x0000000082800000, 0x0000000087400000, 0x00000000d6300000)
  object space 77824K, 19% used [0x0000000082800000,0x00000000836e8738,0x0000000087400000)
 Metaspace       used 40627K, capacity 43008K, committed 43264K, reserved 1087488K
  class space    used 5105K, capacity 5558K, committed 5632K, reserved 1048576K
GC Heap History (10 events):
Event: 4.236 GC heap before
{Heap before GC invocations=6 (full 1):
 PSYoungGen      total 70656K, used 5099K [0x00000000d6300000, 0x00000000df400000, 0x0000000100000000)
  eden space 65536K, 0% used [0x00000000d6300000,0x00000000d6300000,0x00000000da300000)
  from space 5120K, 99% used [0x00000000da300000,0x00000000da7faf70,0x00000000da800000)
  to   space 8704K, 0% used [0x00000000deb80000,0x00000000deb80000,0x00000000df400000)
 ParOldGen       total 86016K, used 8066K [0x0000000082800000, 0x0000000087c00000, 0x00000000d6300000)
  object space 86016K, 9% used [0x0000000082800000,0x0000000082fe0a70,0x0000000087c00000)
 Metaspace       used 20270K, capacity 21220K, committed 21296K, reserved 1067008K
  class space    used 2655K, capacity 2883K, committed 2944K, reserved 1048576K
Event: 4.277 GC heap after
Heap after GC invocations=6 (full 1):
 PSYoungGen      total 70656K, used 0K [0x00000000d6300000, 0x00000000df400000, 0x0000000100000000)
  eden space 65536K, 0% used [0x00000000d6300000,0x00000000d6300000,0x00000000da300000)
  from space 5120K, 0% used [0x00000000da300000,0x00000000da300000,0x00000000da800000)
  to   space 8704K, 0% used [0x00000000deb80000,0x00000000deb80000,0x00000000df400000)
 ParOldGen       total 53248K, used 6888K [0x0000000082800000, 0x0000000085c00000, 0x00000000d6300000)
  object space 53248K, 12% used [0x0000000082800000,0x0000000082eba2a0,0x0000000085c00000)
 Metaspace       used 20270K, capacity 21220K, committed 21296K, reserved 1067008K
  class space    used 2655K, capacity 2883K, committed 2944K, reserved 1048576K
}
Event: 5.429 GC heap before
{Heap before GC invocations=7 (full 1):
 PSYoungGen      total 70656K, used 65536K [0x00000000d6300000, 0x00000000df400000, 0x0000000100000000)
  eden space 65536K, 100% used [0x00000000d6300000,0x00000000da300000,0x00000000da300000)
  from space 5120K, 0% used [0x00000000da300000,0x00000000da300000,0x00000000da800000)
  to   space 8704K, 0% used [0x00000000deb80000,0x00000000deb80000,0x00000000df400000)
 ParOldGen       total 53248K, used 6888K [0x0000000082800000, 0x0000000085c00000, 0x00000000d6300000)
  object space 53248K, 12% used [0x0000000082800000,0x0000000082eba2a0,0x0000000085c00000)
 Metaspace       used 23306K, capacity 24530K, committed 24704K, reserved 1071104K
  class space    used 3137K, capacity 3436K, committed 3456K, reserved 1048576K
Event: 5.436 GC heap after
Heap after GC invocations=7 (full 1):
 PSYoungGen      total 114688K, used 6015K [0x00000000d6300000, 0x00000000df180000, 0x0000000100000000)
  eden space 108544K, 0% used [0x00000000d6300000,0x00000000d6300000,0x00000000dcd00000)
  from space 6144K, 97% used [0x00000000deb80000,0x00000000df15fc88,0x00000000df180000)
  to   space 8704K, 0% used [0x00000000de080000,0x00000000de080000,0x00000000de900000)
 ParOldGen       total 53248K, used 6896K [0x0000000082800000, 0x0000000085c00000, 0x00000000d6300000)
  object space 53248K, 12% used [0x0000000082800000,0x0000000082ebc2a0,0x0000000085c00000)
 Metaspace       used 23306K, capacity 24530K, committed 24704K, reserved 1071104K
  class space    used 3137K, capacity 3436K, committed 3456K, reserved 1048576K
}
Event: 6.516 GC heap before
{Heap before GC invocations=8 (full 1):
 PSYoungGen      total 114688K, used 114559K [0x00000000d6300000, 0x00000000df180000, 0x0000000100000000)
  eden space 108544K, 100% used [0x00000000d6300000,0x00000000dcd00000,0x00000000dcd00000)
  from space 6144K, 97% used [0x00000000deb80000,0x00000000df15fc88,0x00000000df180000)
  to   space 8704K, 0% used [0x00000000de080000,0x00000000de080000,0x00000000de900000)
 ParOldGen       total 53248K, used 6896K [0x0000000082800000, 0x0000000085c00000, 0x00000000d6300000)
  object space 53248K, 12% used [0x0000000082800000,0x0000000082ebc2a0,0x0000000085c00000)
 Metaspace       used 30493K, capacity 32482K, committed 32640K, reserved 1077248K
  class space    used 4057K, capacity 4466K, committed 4480K, reserved 1048576K
Event: 6.529 GC heap after
Heap after GC invocations=8 (full 1):
 PSYoungGen      total 137216K, used 8701K [0x00000000d6300000, 0x00000000e2680000, 0x0000000100000000)
  eden space 128512K, 0% used [0x00000000d6300000,0x00000000d6300000,0x00000000de080000)
  from space 8704K, 99% used [0x00000000de080000,0x00000000de8ff648,0x00000000de900000)
  to   space 11264K, 0% used [0x00000000e1b80000,0x00000000e1b80000,0x00000000e2680000)
 ParOldGen       total 53248K, used 9921K [0x0000000082800000, 0x0000000085c00000, 0x00000000d6300000)
  object space 53248K, 18% used [0x0000000082800000,0x00000000831b0478,0x0000000085c00000)
 Metaspace       used 30493K, capacity 32482K, committed 32640K, reserved 1077248K
  class space    used 4057K, capacity 4466K, committed 4480K, reserved 1048576K
}
Event: 22.698 GC heap before
{Heap before GC invocations=9 (full 1):
 PSYoungGen      total 137216K, used 60495K [0x00000000d6300000, 0x00000000e2680000, 0x0000000100000000)
  eden space 128512K, 40% used [0x00000000d6300000,0x00000000d95945e0,0x00000000de080000)
  from space 8704K, 99% used [0x00000000de080000,0x00000000de8ff648,0x00000000de900000)
  to   space 11264K, 0% used [0x00000000e1b80000,0x00000000e1b80000,0x00000000e2680000)
 ParOldGen       total 53248K, used 9921K [0x0000000082800000, 0x0000000085c00000, 0x00000000d6300000)
  object space 53248K, 18% used [0x0000000082800000,0x00000000831b0478,0x0000000085c00000)
 Metaspace       used 33040K, capacity 35342K, committed 35496K, reserved 1079296K
  class space    used 4423K, capacity 4856K, committed 4864K, reserved 1048576K
Event: 22.713 GC heap after
Heap after GC invocations=9 (full 1):
 PSYoungGen      total 187904K, used 10821K [0x00000000d6300000, 0x00000000e4000000, 0x0000000100000000)
  eden space 176640K, 0% used [0x00000000d6300000,0x00000000d6300000,0x00000000e0f80000)
  from space 11264K, 96% used [0x00000000e1b80000,0x00000000e2611688,0x00000000e2680000)
  to   space 12288K, 0% used [0x00000000e0f80000,0x00000000e0f80000,0x00000000e1b80000)
 ParOldGen       total 53248K, used 9929K [0x0000000082800000, 0x0000000085c00000, 0x00000000d6300000)
  object space 53248K, 18% used [0x0000000082800000,0x00000000831b2478,0x0000000085c00000)
 Metaspace       used 33040K, capacity 35342K, committed 35496K, reserved 1079296K
  class space    used 4423K, capacity 4856K, committed 4864K, reserved 1048576K
}
Event: 22.713 GC heap before
{Heap before GC invocations=10 (full 2):
 PSYoungGen      total 187904K, used 10821K [0x00000000d6300000, 0x00000000e4000000, 0x0000000100000000)
  eden space 176640K, 0% used [0x00000000d6300000,0x00000000d6300000,0x00000000e0f80000)
  from space 11264K, 96% used [0x00000000e1b80000,0x00000000e2611688,0x00000000e2680000)
  to   space 12288K, 0% used [0x00000000e0f80000,0x00000000e0f80000,0x00000000e1b80000)
 ParOldGen       total 53248K, used 9929K [0x0000000082800000, 0x0000000085c00000, 0x00000000d6300000)
  object space 53248K, 18% used [0x0000000082800000,0x00000000831b2478,0x0000000085c00000)
 Metaspace       used 33040K, capacity 35342K, committed 35496K, reserved 1079296K
  class space    used 4423K, capacity 4856K, committed 4864K, reserved 1048576K
Event: 22.785 GC heap after
Heap after GC invocations=10 (full 2):
 PSYoungGen      total 187904K, used 0K [0x00000000d6300000, 0x00000000e4000000, 0x0000000100000000)
  eden space 176640K, 0% used [0x00000000d6300000,0x00000000d6300000,0x00000000e0f80000)
  from space 11264K, 0% used [0x00000000e1b80000,0x00000000e1b80000,0x00000000e2680000)
  to   space 12288K, 0% used [0x00000000e0f80000,0x00000000e0f80000,0x00000000e1b80000)
 ParOldGen       total 77824K, used 15265K [0x0000000082800000, 0x0000000087400000, 0x00000000d6300000)
  object space 77824K, 19% used [0x0000000082800000,0x00000000836e8738,0x0000000087400000)
 Metaspace       used 33033K, capacity 35330K, committed 35496K, reserved 1079296K
  class space    used 4422K, capacity 4854K, committed 4864K, reserved 1048576K
}

