# JRE version: OpenJDK Runtime Environment (8.0_452-b09) (build 1.8.0_452-b09)
# Java VM: OpenJDK 64-Bit Server VM (25.452-b09 mixed mode windows-amd64 compressed oops)
Heap:
 PSYoungGen      total 200192K, used 65542K [0x00000000d6300000, 0x00000000e5c00000, 0x0000000100000000)
  eden space 188416K, 34% used [0x00000000d6300000,0x00000000da301870,0x00000000e1b00000)
  from space 11776K, 0% used [0x00000000e2600000,0x00000000e2600000,0x00000000e3180000)
  to   space 11264K, 0% used [0x00000000e1b00000,0x00000000e1b00000,0x00000000e2600000)
 ParOldGen       total 69632K, used 12922K [0x0000000082800000, 0x0000000086c00000, 0x00000000d6300000)
  object space 69632K, 18% used [0x0000000082800000,0x000000008349eae8,0x0000000086c00000)
 Metaspace       used 38712K, capacity 41100K, committed 41472K, reserved 1085440K
  class space    used 4848K, capacity 5296K, committed 5376K, reserved 1048576K
GC Heap History (10 events):
Event: 3.856 GC heap before
{Heap before GC invocations=6 (full 1):
 PSYoungGen      total 70656K, used 5088K [0x00000000d6300000, 0x00000000df500000, 0x0000000100000000)
  eden space 65536K, 0% used [0x00000000d6300000,0x00000000d6300000,0x00000000da300000)
  from space 5120K, 99% used [0x00000000da300000,0x00000000da7f81a0,0x00000000da800000)
  to   space 9216K, 0% used [0x00000000dec00000,0x00000000dec00000,0x00000000df500000)
 ParOldGen       total 86016K, used 8381K [0x0000000082800000, 0x0000000087c00000, 0x00000000d6300000)
  object space 86016K, 9% used [0x0000000082800000,0x000000008302f7d0,0x0000000087c00000)
 Metaspace       used 20241K, capacity 21204K, committed 21296K, reserved 1067008K
  class space    used 2659K, capacity 2879K, committed 2944K, reserved 1048576K
Event: 3.890 GC heap after
Heap after GC invocations=6 (full 1):
 PSYoungGen      total 70656K, used 0K [0x00000000d6300000, 0x00000000df500000, 0x0000000100000000)
  eden space 65536K, 0% used [0x00000000d6300000,0x00000000d6300000,0x00000000da300000)
  from space 5120K, 0% used [0x00000000da300000,0x00000000da300000,0x00000000da800000)
  to   space 9216K, 0% used [0x00000000dec00000,0x00000000dec00000,0x00000000df500000)
 ParOldGen       total 51712K, used 7198K [0x0000000082800000, 0x0000000085a80000, 0x00000000d6300000)
  object space 51712K, 13% used [0x0000000082800000,0x0000000082f07888,0x0000000085a80000)
 Metaspace       used 20241K, capacity 21204K, committed 21296K, reserved 1067008K
  class space    used 2659K, capacity 2879K, committed 2944K, reserved 1048576K
}
Event: 4.655 GC heap before
{Heap before GC invocations=7 (full 1):
 PSYoungGen      total 70656K, used 65536K [0x00000000d6300000, 0x00000000df500000, 0x0000000100000000)
  eden space 65536K, 100% used [0x00000000d6300000,0x00000000da300000,0x00000000da300000)
  from space 5120K, 0% used [0x00000000da300000,0x00000000da300000,0x00000000da800000)
  to   space 9216K, 0% used [0x00000000dec00000,0x00000000dec00000,0x00000000df500000)
 ParOldGen       total 51712K, used 7198K [0x0000000082800000, 0x0000000085a80000, 0x00000000d6300000)
  object space 51712K, 13% used [0x0000000082800000,0x0000000082f07888,0x0000000085a80000)
 Metaspace       used 24866K, capacity 26486K, committed 26752K, reserved 1073152K
  class space    used 3332K, capacity 3633K, committed 3712K, reserved 1048576K
Event: 4.661 GC heap after
Heap after GC invocations=7 (full 1):
 PSYoungGen      total 119808K, used 7096K [0x00000000d6300000, 0x00000000df300000, 0x0000000100000000)
  eden space 112640K, 0% used [0x00000000d6300000,0x00000000d6300000,0x00000000dd100000)
  from space 7168K, 99% used [0x00000000dec00000,0x00000000df2ee2f8,0x00000000df300000)
  to   space 9216K, 0% used [0x00000000de100000,0x00000000de100000,0x00000000dea00000)
 ParOldGen       total 51712K, used 7206K [0x0000000082800000, 0x0000000085a80000, 0x00000000d6300000)
  object space 51712K, 13% used [0x0000000082800000,0x0000000082f09888,0x0000000085a80000)
 Metaspace       used 24866K, capacity 26486K, committed 26752K, reserved 1073152K
  class space    used 3332K, capacity 3633K, committed 3712K, reserved 1048576K
}
Event: 8.316 GC heap before
{Heap before GC invocations=8 (full 1):
 PSYoungGen      total 119808K, used 119736K [0x00000000d6300000, 0x00000000df300000, 0x0000000100000000)
  eden space 112640K, 100% used [0x00000000d6300000,0x00000000dd100000,0x00000000dd100000)
  from space 7168K, 99% used [0x00000000dec00000,0x00000000df2ee2f8,0x00000000df300000)
  to   space 9216K, 0% used [0x00000000de100000,0x00000000de100000,0x00000000dea00000)
 ParOldGen       total 51712K, used 7206K [0x0000000082800000, 0x0000000085a80000, 0x00000000d6300000)
  object space 51712K, 13% used [0x0000000082800000,0x0000000082f09888,0x0000000085a80000)
 Metaspace       used 32304K, capacity 34562K, committed 34688K, reserved 1079296K
  class space    used 4288K, capacity 4718K, committed 4736K, reserved 1048576K
Event: 8.333 GC heap after
Heap after GC invocations=8 (full 1):
 PSYoungGen      total 138240K, used 9185K [0x00000000d6300000, 0x00000000e3180000, 0x0000000100000000)
  eden space 129024K, 0% used [0x00000000d6300000,0x00000000d6300000,0x00000000de100000)
  from space 9216K, 99% used [0x00000000de100000,0x00000000de9f8628,0x00000000dea00000)
  to   space 11776K, 0% used [0x00000000e2600000,0x00000000e2600000,0x00000000e3180000)
 ParOldGen       total 51712K, used 10286K [0x0000000082800000, 0x0000000085a80000, 0x00000000d6300000)
  object space 51712K, 19% used [0x0000000082800000,0x000000008320b9c8,0x0000000085a80000)
 Metaspace       used 32304K, capacity 34562K, committed 34688K, reserved 1079296K
  class space    used 4288K, capacity 4718K, committed 4736K, reserved 1048576K
}
Event: 8.459 GC heap before
{Heap before GC invocations=9 (full 1):
 PSYoungGen      total 138240K, used 17495K [0x00000000d6300000, 0x00000000e3180000, 0x0000000100000000)
  eden space 129024K, 6% used [0x00000000d6300000,0x00000000d6b1d678,0x00000000de100000)
  from space 9216K, 99% used [0x00000000de100000,0x00000000de9f8628,0x00000000dea00000)
  to   space 11776K, 0% used [0x00000000e2600000,0x00000000e2600000,0x00000000e3180000)
 ParOldGen       total 51712K, used 10286K [0x0000000082800000, 0x0000000085a80000, 0x00000000d6300000)
  object space 51712K, 19% used [0x0000000082800000,0x000000008320b9c8,0x0000000085a80000)
 Metaspace       used 33131K, capacity 35422K, committed 35496K, reserved 1079296K
  class space    used 4386K, capacity 4800K, committed 4864K, reserved 1048576K
Event: 8.471 GC heap after
Heap after GC invocations=9 (full 1):
 PSYoungGen      total 200192K, used 8363K [0x00000000d6300000, 0x00000000e5c00000, 0x0000000100000000)
  eden space 188416K, 0% used [0x00000000d6300000,0x00000000d6300000,0x00000000e1b00000)
  from space 11776K, 71% used [0x00000000e2600000,0x00000000e2e2ad08,0x00000000e3180000)
  to   space 11264K, 0% used [0x00000000e1b00000,0x00000000e1b00000,0x00000000e2600000)
 ParOldGen       total 51712K, used 10294K [0x0000000082800000, 0x0000000085a80000, 0x00000000d6300000)
  object space 51712K, 19% used [0x0000000082800000,0x000000008320d9c8,0x0000000085a80000)
 Metaspace       used 33131K, capacity 35422K, committed 35496K, reserved 1079296K
  class space    used 4386K, capacity 4800K, committed 4864K, reserved 1048576K
}
Event: 8.471 GC heap before
{Heap before GC invocations=10 (full 2):
 PSYoungGen      total 200192K, used 8363K [0x00000000d6300000, 0x00000000e5c00000, 0x0000000100000000)
  eden space 188416K, 0% used [0x00000000d6300000,0x00000000d6300000,0x00000000e1b00000)
  from space 11776K, 71% used [0x00000000e2600000,0x00000000e2e2ad08,0x00000000e3180000)
  to   space 11264K, 0% used [0x00000000e1b00000,0x00000000e1b00000,0x00000000e2600000)
 ParOldGen       total 51712K, used 10294K [0x0000000082800000, 0x0000000085a80000, 0x00000000d6300000)
  object space 51712K, 19% used [0x0000000082800000,0x000000008320d9c8,0x0000000085a80000)
 Metaspace       used 33131K, capacity 35422K, committed 35496K, reserved 1079296K
  class space    used 4386K, capacity 4800K, committed 4864K, reserved 1048576K
Event: 8.549 GC heap after
Heap after GC invocations=10 (full 2):
 PSYoungGen      total 200192K, used 0K [0x00000000d6300000, 0x00000000e5c00000, 0x0000000100000000)
  eden space 188416K, 0% used [0x00000000d6300000,0x00000000d6300000,0x00000000e1b00000)
  from space 11776K, 0% used [0x00000000e2600000,0x00000000e2600000,0x00000000e3180000)
  to   space 11264K, 0% used [0x00000000e1b00000,0x00000000e1b00000,0x00000000e2600000)
 ParOldGen       total 69632K, used 12922K [0x0000000082800000, 0x0000000086c00000, 0x00000000d6300000)
  object space 69632K, 18% used [0x0000000082800000,0x000000008349eae8,0x0000000086c00000)
 Metaspace       used 33131K, capacity 35422K, committed 35496K, reserved 1079296K
  class space    used 4386K, capacity 4800K, committed 4864K, reserved 1048576K
}

