# JRE version: Java(TM) SE Runtime Environment (8.0_451) (build 1.8.0_451-b10)
# Java VM: Java HotSpot(TM) 64-Bit Server VM (25.451-b10 mixed mode windows-amd64 compressed oops)
Heap:
 PSYoungGen      total 193024K, used 73311K [0x00000000d6300000, 0x00000000e4800000, 0x0000000100000000)
  eden space 181248K, 40% used [0x00000000d6300000,0x00000000daa97e98,0x00000000e1400000)
  from space 11776K, 0% used [0x00000000e1f80000,0x00000000e1f80000,0x00000000e2b00000)
  to   space 11776K, 0% used [0x00000000e1400000,0x00000000e1400000,0x00000000e1f80000)
 ParOldGen       total 73728K, used 13381K [0x0000000082800000, 0x0000000087000000, 0x00000000d6300000)
  object space 73728K, 18% used [0x0000000082800000,0x00000000835117d0,0x0000000087000000)
 Metaspace       used 38975K, capacity 41438K, committed 41728K, reserved 1085440K
  class space    used 4895K, capacity 5347K, committed 5376K, reserved 1048576K
GC Heap History (10 events):
Event: 4.115 GC heap before
{Heap before GC invocations=6 (full 1):
 PSYoungGen      total 70656K, used 5109K [0x00000000d6300000, 0x00000000df500000, 0x0000000100000000)
  eden space 65536K, 0% used [0x00000000d6300000,0x00000000d6300000,0x00000000da300000)
  from space 5120K, 99% used [0x00000000da300000,0x00000000da7fd718,0x00000000da800000)
  to   space 9216K, 0% used [0x00000000dec00000,0x00000000dec00000,0x00000000df500000)
 ParOldGen       total 86016K, used 8629K [0x0000000082800000, 0x0000000087c00000, 0x00000000d6300000)
  object space 86016K, 10% used [0x0000000082800000,0x000000008306d638,0x0000000087c00000)
 Metaspace       used 20279K, capacity 21212K, committed 21296K, reserved 1067008K
  class space    used 2682K, capacity 2917K, committed 2944K, reserved 1048576K
Event: 4.150 GC heap after
Heap after GC invocations=6 (full 1):
 PSYoungGen      total 70656K, used 0K [0x00000000d6300000, 0x00000000df500000, 0x0000000100000000)
  eden space 65536K, 0% used [0x00000000d6300000,0x00000000d6300000,0x00000000da300000)
  from space 5120K, 0% used [0x00000000da300000,0x00000000da300000,0x00000000da800000)
  to   space 9216K, 0% used [0x00000000dec00000,0x00000000dec00000,0x00000000df500000)
 ParOldGen       total 52736K, used 6684K [0x0000000082800000, 0x0000000085b80000, 0x00000000d6300000)
  object space 52736K, 12% used [0x0000000082800000,0x0000000082e87050,0x0000000085b80000)
 Metaspace       used 20279K, capacity 21212K, committed 21296K, reserved 1067008K
  class space    used 2682K, capacity 2917K, committed 2944K, reserved 1048576K
}
Event: 4.954 GC heap before
{Heap before GC invocations=7 (full 1):
 PSYoungGen      total 70656K, used 65536K [0x00000000d6300000, 0x00000000df500000, 0x0000000100000000)
  eden space 65536K, 100% used [0x00000000d6300000,0x00000000da300000,0x00000000da300000)
  from space 5120K, 0% used [0x00000000da300000,0x00000000da300000,0x00000000da800000)
  to   space 9216K, 0% used [0x00000000dec00000,0x00000000dec00000,0x00000000df500000)
 ParOldGen       total 52736K, used 6684K [0x0000000082800000, 0x0000000085b80000, 0x00000000d6300000)
  object space 52736K, 12% used [0x0000000082800000,0x0000000082e87050,0x0000000085b80000)
 Metaspace       used 26094K, capacity 27702K, committed 27904K, reserved 1073152K
  class space    used 3475K, capacity 3798K, committed 3840K, reserved 1048576K
Event: 4.962 GC heap after
Heap after GC invocations=7 (full 1):
 PSYoungGen      total 118784K, used 7648K [0x00000000d6300000, 0x00000000df380000, 0x0000000100000000)
  eden space 111104K, 0% used [0x00000000d6300000,0x00000000d6300000,0x00000000dcf80000)
  from space 7680K, 99% used [0x00000000dec00000,0x00000000df378140,0x00000000df380000)
  to   space 9216K, 0% used [0x00000000de180000,0x00000000de180000,0x00000000dea80000)
 ParOldGen       total 52736K, used 6692K [0x0000000082800000, 0x0000000085b80000, 0x00000000d6300000)
  object space 52736K, 12% used [0x0000000082800000,0x0000000082e89050,0x0000000085b80000)
 Metaspace       used 26094K, capacity 27702K, committed 27904K, reserved 1073152K
  class space    used 3475K, capacity 3798K, committed 3840K, reserved 1048576K
}
Event: 49.477 GC heap before
{Heap before GC invocations=8 (full 1):
 PSYoungGen      total 118784K, used 118752K [0x00000000d6300000, 0x00000000df380000, 0x0000000100000000)
  eden space 111104K, 100% used [0x00000000d6300000,0x00000000dcf80000,0x00000000dcf80000)
  from space 7680K, 99% used [0x00000000dec00000,0x00000000df378140,0x00000000df380000)
  to   space 9216K, 0% used [0x00000000de180000,0x00000000de180000,0x00000000dea80000)
 ParOldGen       total 52736K, used 6692K [0x0000000082800000, 0x0000000085b80000, 0x00000000d6300000)
  object space 52736K, 12% used [0x0000000082800000,0x0000000082e89050,0x0000000085b80000)
 Metaspace       used 31978K, capacity 34250K, committed 34432K, reserved 1079296K
  class space    used 4256K, capacity 4663K, committed 4736K, reserved 1048576K
Event: 49.504 GC heap after
Heap after GC invocations=8 (full 1):
 PSYoungGen      total 138752K, used 9190K [0x00000000d6300000, 0x00000000e2b00000, 0x0000000100000000)
  eden space 129536K, 0% used [0x00000000d6300000,0x00000000d6300000,0x00000000de180000)
  from space 9216K, 99% used [0x00000000de180000,0x00000000dea79828,0x00000000dea80000)
  to   space 11776K, 0% used [0x00000000e1f80000,0x00000000e1f80000,0x00000000e2b00000)
 ParOldGen       total 52736K, used 9620K [0x0000000082800000, 0x0000000085b80000, 0x00000000d6300000)
  object space 52736K, 18% used [0x0000000082800000,0x0000000083165288,0x0000000085b80000)
 Metaspace       used 31978K, capacity 34250K, committed 34432K, reserved 1079296K
  class space    used 4256K, capacity 4663K, committed 4736K, reserved 1048576K
}
Event: 50.794 GC heap before
{Heap before GC invocations=9 (full 1):
 PSYoungGen      total 138752K, used 23105K [0x00000000d6300000, 0x00000000e2b00000, 0x0000000100000000)
  eden space 129536K, 10% used [0x00000000d6300000,0x00000000d7096d48,0x00000000de180000)
  from space 9216K, 99% used [0x00000000de180000,0x00000000dea79828,0x00000000dea80000)
  to   space 11776K, 0% used [0x00000000e1f80000,0x00000000e1f80000,0x00000000e2b00000)
 ParOldGen       total 52736K, used 9620K [0x0000000082800000, 0x0000000085b80000, 0x00000000d6300000)
  object space 52736K, 18% used [0x0000000082800000,0x0000000083165288,0x0000000085b80000)
 Metaspace       used 33061K, capacity 35442K, committed 35496K, reserved 1079296K
  class space    used 4404K, capacity 4851K, committed 4864K, reserved 1048576K
Event: 50.812 GC heap after
Heap after GC invocations=9 (full 1):
 PSYoungGen      total 193024K, used 8669K [0x00000000d6300000, 0x00000000e4800000, 0x0000000100000000)
  eden space 181248K, 0% used [0x00000000d6300000,0x00000000d6300000,0x00000000e1400000)
  from space 11776K, 73% used [0x00000000e1f80000,0x00000000e27f7538,0x00000000e2b00000)
  to   space 11776K, 0% used [0x00000000e1400000,0x00000000e1400000,0x00000000e1f80000)
 ParOldGen       total 52736K, used 9628K [0x0000000082800000, 0x0000000085b80000, 0x00000000d6300000)
  object space 52736K, 18% used [0x0000000082800000,0x0000000083167288,0x0000000085b80000)
 Metaspace       used 33061K, capacity 35442K, committed 35496K, reserved 1079296K
  class space    used 4404K, capacity 4851K, committed 4864K, reserved 1048576K
}
Event: 50.812 GC heap before
{Heap before GC invocations=10 (full 2):
 PSYoungGen      total 193024K, used 8669K [0x00000000d6300000, 0x00000000e4800000, 0x0000000100000000)
  eden space 181248K, 0% used [0x00000000d6300000,0x00000000d6300000,0x00000000e1400000)
  from space 11776K, 73% used [0x00000000e1f80000,0x00000000e27f7538,0x00000000e2b00000)
  to   space 11776K, 0% used [0x00000000e1400000,0x00000000e1400000,0x00000000e1f80000)
 ParOldGen       total 52736K, used 9628K [0x0000000082800000, 0x0000000085b80000, 0x00000000d6300000)
  object space 52736K, 18% used [0x0000000082800000,0x0000000083167288,0x0000000085b80000)
 Metaspace       used 33061K, capacity 35442K, committed 35496K, reserved 1079296K
  class space    used 4404K, capacity 4851K, committed 4864K, reserved 1048576K
Event: 51.034 GC heap after
Heap after GC invocations=10 (full 2):
 PSYoungGen      total 193024K, used 0K [0x00000000d6300000, 0x00000000e4800000, 0x0000000100000000)
  eden space 181248K, 0% used [0x00000000d6300000,0x00000000d6300000,0x00000000e1400000)
  from space 11776K, 0% used [0x00000000e1f80000,0x00000000e1f80000,0x00000000e2b00000)
  to   space 11776K, 0% used [0x00000000e1400000,0x00000000e1400000,0x00000000e1f80000)
 ParOldGen       total 73728K, used 13381K [0x0000000082800000, 0x0000000087000000, 0x00000000d6300000)
  object space 73728K, 18% used [0x0000000082800000,0x00000000835117d0,0x0000000087000000)
 Metaspace       used 33061K, capacity 35442K, committed 35496K, reserved 1079296K
  class space    used 4404K, capacity 4851K, committed 4864K, reserved 1048576K
}

