# JRE version: OpenJDK Runtime Environment (8.0_452-b09) (build 1.8.0_452-b09)
# Java VM: OpenJDK 64-Bit Server VM (25.452-b09 mixed mode windows-amd64 compressed oops)
Heap:
 PSYoungGen      total 177152K, used 58638K [0x00000000d6300000, 0x00000000e3680000, 0x0000000100000000)
  eden space 165888K, 35% used [0x00000000d6300000,0x00000000d9c43b58,0x00000000e0500000)
  from space 11264K, 0% used [0x00000000e1000000,0x00000000e1000000,0x00000000e1b00000)
  to   space 11264K, 0% used [0x00000000e0500000,0x00000000e0500000,0x00000000e1000000)
 ParOldGen       total 80384K, used 13248K [0x0000000082800000, 0x0000000087680000, 0x00000000d6300000)
  object space 80384K, 16% used [0x0000000082800000,0x00000000834f0178,0x0000000087680000)
 Metaspace       used 38795K, capacity 41202K, committed 41472K, reserved 1085440K
  class space    used 4853K, capacity 5303K, committed 5376K, reserved 1048576K
GC Heap History (10 events):
Event: 4.137 GC heap before
{Heap before GC invocations=6 (full 1):
 PSYoungGen      total 70656K, used 5093K [0x00000000d6300000, 0x00000000df500000, 0x0000000100000000)
  eden space 65536K, 0% used [0x00000000d6300000,0x00000000d6300000,0x00000000da300000)
  from space 5120K, 99% used [0x00000000da300000,0x00000000da7f9708,0x00000000da800000)
  to   space 9216K, 0% used [0x00000000dec00000,0x00000000dec00000,0x00000000df500000)
 ParOldGen       total 86016K, used 8726K [0x0000000082800000, 0x0000000087c00000, 0x00000000d6300000)
  object space 86016K, 10% used [0x0000000082800000,0x0000000083085938,0x0000000087c00000)
 Metaspace       used 20263K, capacity 21214K, committed 21296K, reserved 1067008K
  class space    used 2661K, capacity 2880K, committed 2944K, reserved 1048576K
Event: 4.185 GC heap after
Heap after GC invocations=6 (full 1):
 PSYoungGen      total 70656K, used 0K [0x00000000d6300000, 0x00000000df500000, 0x0000000100000000)
  eden space 65536K, 0% used [0x00000000d6300000,0x00000000d6300000,0x00000000da300000)
  from space 5120K, 0% used [0x00000000da300000,0x00000000da300000,0x00000000da800000)
  to   space 9216K, 0% used [0x00000000dec00000,0x00000000dec00000,0x00000000df500000)
 ParOldGen       total 55296K, used 7206K [0x0000000082800000, 0x0000000085e00000, 0x00000000d6300000)
  object space 55296K, 13% used [0x0000000082800000,0x0000000082f098f0,0x0000000085e00000)
 Metaspace       used 20263K, capacity 21214K, committed 21296K, reserved 1067008K
  class space    used 2661K, capacity 2880K, committed 2944K, reserved 1048576K
}
Event: 5.427 GC heap before
{Heap before GC invocations=7 (full 1):
 PSYoungGen      total 70656K, used 65536K [0x00000000d6300000, 0x00000000df500000, 0x0000000100000000)
  eden space 65536K, 100% used [0x00000000d6300000,0x00000000da300000,0x00000000da300000)
  from space 5120K, 0% used [0x00000000da300000,0x00000000da300000,0x00000000da800000)
  to   space 9216K, 0% used [0x00000000dec00000,0x00000000dec00000,0x00000000df500000)
 ParOldGen       total 55296K, used 7206K [0x0000000082800000, 0x0000000085e00000, 0x00000000d6300000)
  object space 55296K, 13% used [0x0000000082800000,0x0000000082f098f0,0x0000000085e00000)
 Metaspace       used 24875K, capacity 26492K, committed 26752K, reserved 1073152K
  class space    used 3329K, capacity 3634K, committed 3712K, reserved 1048576K
Event: 5.436 GC heap after
Heap after GC invocations=7 (full 1):
 PSYoungGen      total 112640K, used 7032K [0x00000000d6300000, 0x00000000df300000, 0x0000000100000000)
  eden space 105472K, 0% used [0x00000000d6300000,0x00000000d6300000,0x00000000dca00000)
  from space 7168K, 98% used [0x00000000dec00000,0x00000000df2de138,0x00000000df300000)
  to   space 9216K, 0% used [0x00000000de100000,0x00000000de100000,0x00000000dea00000)
 ParOldGen       total 55296K, used 7214K [0x0000000082800000, 0x0000000085e00000, 0x00000000d6300000)
  object space 55296K, 13% used [0x0000000082800000,0x0000000082f0b8f0,0x0000000085e00000)
 Metaspace       used 24875K, capacity 26492K, committed 26752K, reserved 1073152K
  class space    used 3329K, capacity 3634K, committed 3712K, reserved 1048576K
}
Event: 6.656 GC heap before
{Heap before GC invocations=8 (full 1):
 PSYoungGen      total 112640K, used 112504K [0x00000000d6300000, 0x00000000df300000, 0x0000000100000000)
  eden space 105472K, 100% used [0x00000000d6300000,0x00000000dca00000,0x00000000dca00000)
  from space 7168K, 98% used [0x00000000dec00000,0x00000000df2de138,0x00000000df300000)
  to   space 9216K, 0% used [0x00000000de100000,0x00000000de100000,0x00000000dea00000)
 ParOldGen       total 55296K, used 7214K [0x0000000082800000, 0x0000000085e00000, 0x00000000d6300000)
  object space 55296K, 13% used [0x0000000082800000,0x0000000082f0b8f0,0x0000000085e00000)
 Metaspace       used 31761K, capacity 34050K, committed 34176K, reserved 1079296K
  class space    used 4223K, capacity 4654K, committed 4736K, reserved 1048576K
Event: 6.666 GC heap after
Heap after GC invocations=8 (full 1):
 PSYoungGen      total 138240K, used 9214K [0x00000000d6300000, 0x00000000e1b00000, 0x0000000100000000)
  eden space 129024K, 0% used [0x00000000d6300000,0x00000000d6300000,0x00000000de100000)
  from space 9216K, 99% used [0x00000000de100000,0x00000000de9ff820,0x00000000dea00000)
  to   space 11264K, 0% used [0x00000000e1000000,0x00000000e1000000,0x00000000e1b00000)
 ParOldGen       total 55296K, used 9650K [0x0000000082800000, 0x0000000085e00000, 0x00000000d6300000)
  object space 55296K, 17% used [0x0000000082800000,0x000000008316cb70,0x0000000085e00000)
 Metaspace       used 31761K, capacity 34050K, committed 34176K, reserved 1079296K
  class space    used 4223K, capacity 4654K, committed 4736K, reserved 1048576K
}
Event: 20.795 GC heap before
{Heap before GC invocations=9 (full 1):
 PSYoungGen      total 138240K, used 28654K [0x00000000d6300000, 0x00000000e1b00000, 0x0000000100000000)
  eden space 129024K, 15% used [0x00000000d6300000,0x00000000d75fc390,0x00000000de100000)
  from space 9216K, 99% used [0x00000000de100000,0x00000000de9ff820,0x00000000dea00000)
  to   space 11264K, 0% used [0x00000000e1000000,0x00000000e1000000,0x00000000e1b00000)
 ParOldGen       total 55296K, used 9650K [0x0000000082800000, 0x0000000085e00000, 0x00000000d6300000)
  object space 55296K, 17% used [0x0000000082800000,0x000000008316cb70,0x0000000085e00000)
 Metaspace       used 33093K, capacity 35414K, committed 35496K, reserved 1079296K
  class space    used 4388K, capacity 4810K, committed 4864K, reserved 1048576K
Event: 20.802 GC heap after
Heap after GC invocations=9 (full 1):
 PSYoungGen      total 177152K, used 8663K [0x00000000d6300000, 0x00000000e3680000, 0x0000000100000000)
  eden space 165888K, 0% used [0x00000000d6300000,0x00000000d6300000,0x00000000e0500000)
  from space 11264K, 76% used [0x00000000e1000000,0x00000000e1875f58,0x00000000e1b00000)
  to   space 11264K, 0% used [0x00000000e0500000,0x00000000e0500000,0x00000000e1000000)
 ParOldGen       total 55296K, used 9658K [0x0000000082800000, 0x0000000085e00000, 0x00000000d6300000)
  object space 55296K, 17% used [0x0000000082800000,0x000000008316eb70,0x0000000085e00000)
 Metaspace       used 33093K, capacity 35414K, committed 35496K, reserved 1079296K
  class space    used 4388K, capacity 4810K, committed 4864K, reserved 1048576K
}
Event: 20.802 GC heap before
{Heap before GC invocations=10 (full 2):
 PSYoungGen      total 177152K, used 8663K [0x00000000d6300000, 0x00000000e3680000, 0x0000000100000000)
  eden space 165888K, 0% used [0x00000000d6300000,0x00000000d6300000,0x00000000e0500000)
  from space 11264K, 76% used [0x00000000e1000000,0x00000000e1875f58,0x00000000e1b00000)
  to   space 11264K, 0% used [0x00000000e0500000,0x00000000e0500000,0x00000000e1000000)
 ParOldGen       total 55296K, used 9658K [0x0000000082800000, 0x0000000085e00000, 0x00000000d6300000)
  object space 55296K, 17% used [0x0000000082800000,0x000000008316eb70,0x0000000085e00000)
 Metaspace       used 33093K, capacity 35414K, committed 35496K, reserved 1079296K
  class space    used 4388K, capacity 4810K, committed 4864K, reserved 1048576K
Event: 20.874 GC heap after
Heap after GC invocations=10 (full 2):
 PSYoungGen      total 177152K, used 0K [0x00000000d6300000, 0x00000000e3680000, 0x0000000100000000)
  eden space 165888K, 0% used [0x00000000d6300000,0x00000000d6300000,0x00000000e0500000)
  from space 11264K, 0% used [0x00000000e1000000,0x00000000e1000000,0x00000000e1b00000)
  to   space 11264K, 0% used [0x00000000e0500000,0x00000000e0500000,0x00000000e1000000)
 ParOldGen       total 80384K, used 13248K [0x0000000082800000, 0x0000000087680000, 0x00000000d6300000)
  object space 80384K, 16% used [0x0000000082800000,0x00000000834f0178,0x0000000087680000)
 Metaspace       used 33093K, capacity 35414K, committed 35496K, reserved 1079296K
  class space    used 4388K, capacity 4810K, committed 4864K, reserved 1048576K
}

