# JRE version: OpenJDK Runtime Environment (8.0_452-b09) (build 1.8.0_452-b09)
# Java VM: OpenJDK 64-Bit Server VM (25.452-b09 mixed mode windows-amd64 compressed oops)
Heap:
 PSYoungGen      total 128512K, used 100248K [0x00000000d6300000, 0x00000000dfd00000, 0x0000000100000000)
  eden space 125440K, 79% used [0x00000000d6300000,0x00000000dc4e6020,0x00000000ddd80000)
  from space 3072K, 0% used [0x00000000de980000,0x00000000de980000,0x00000000dec80000)
  to   space 12288K, 0% used [0x00000000ddd80000,0x00000000ddd80000,0x00000000de980000)
 ParOldGen       total 116736K, used 17078K [0x0000000082800000, 0x0000000089a00000, 0x00000000d6300000)
  object space 116736K, 14% used [0x0000000082800000,0x00000000838ad9e8,0x0000000089a00000)
 Metaspace       used 41151K, capacity 43616K, committed 43904K, reserved 1087488K
  class space    used 5176K, capacity 5638K, committed 5760K, reserved 1048576K
GC Heap History (10 events):
Event: 7.473 GC heap before
{Heap before GC invocations=6 (full 1):
 PSYoungGen      total 70656K, used 5109K [0x00000000d6300000, 0x00000000df500000, 0x0000000100000000)
  eden space 65536K, 0% used [0x00000000d6300000,0x00000000d6300000,0x00000000da300000)
  from space 5120K, 99% used [0x00000000da300000,0x00000000da7fd718,0x00000000da800000)
  to   space 9216K, 0% used [0x00000000dec00000,0x00000000dec00000,0x00000000df500000)
 ParOldGen       total 86016K, used 8051K [0x0000000082800000, 0x0000000087c00000, 0x00000000d6300000)
  object space 86016K, 9% used [0x0000000082800000,0x0000000082fdce18,0x0000000087c00000)
 Metaspace       used 20236K, capacity 21246K, committed 21296K, reserved 1067008K
  class space    used 2653K, capacity 2914K, committed 2944K, reserved 1048576K
Event: 7.737 GC heap after
Heap after GC invocations=6 (full 1):
 PSYoungGen      total 70656K, used 0K [0x00000000d6300000, 0x00000000df500000, 0x0000000100000000)
  eden space 65536K, 0% used [0x00000000d6300000,0x00000000d6300000,0x00000000da300000)
  from space 5120K, 0% used [0x00000000da300000,0x00000000da300000,0x00000000da800000)
  to   space 9216K, 0% used [0x00000000dec00000,0x00000000dec00000,0x00000000df500000)
 ParOldGen       total 65536K, used 7036K [0x0000000082800000, 0x0000000086800000, 0x00000000d6300000)
  object space 65536K, 10% used [0x0000000082800000,0x0000000082edf348,0x0000000086800000)
 Metaspace       used 20236K, capacity 21246K, committed 21296K, reserved 1067008K
  class space    used 2653K, capacity 2914K, committed 2944K, reserved 1048576K
}
Event: 11.823 GC heap before
{Heap before GC invocations=7 (full 1):
 PSYoungGen      total 70656K, used 65536K [0x00000000d6300000, 0x00000000df500000, 0x0000000100000000)
  eden space 65536K, 100% used [0x00000000d6300000,0x00000000da300000,0x00000000da300000)
  from space 5120K, 0% used [0x00000000da300000,0x00000000da300000,0x00000000da800000)
  to   space 9216K, 0% used [0x00000000dec00000,0x00000000dec00000,0x00000000df500000)
 ParOldGen       total 65536K, used 7036K [0x0000000082800000, 0x0000000086800000, 0x00000000d6300000)
  object space 65536K, 10% used [0x0000000082800000,0x0000000082edf348,0x0000000086800000)
 Metaspace       used 23212K, capacity 24448K, committed 24704K, reserved 1071104K
  class space    used 3129K, capacity 3405K, committed 3456K, reserved 1048576K
Event: 11.834 GC heap after
Heap after GC invocations=7 (full 1):
 PSYoungGen      total 90624K, used 5855K [0x00000000d6300000, 0x00000000df200000, 0x0000000100000000)
  eden space 84480K, 0% used [0x00000000d6300000,0x00000000d6300000,0x00000000db580000)
  from space 6144K, 95% used [0x00000000dec00000,0x00000000df1b7d18,0x00000000df200000)
  to   space 8704K, 0% used [0x00000000de100000,0x00000000de100000,0x00000000de980000)
 ParOldGen       total 65536K, used 7044K [0x0000000082800000, 0x0000000086800000, 0x00000000d6300000)
  object space 65536K, 10% used [0x0000000082800000,0x0000000082ee1348,0x0000000086800000)
 Metaspace       used 23212K, capacity 24448K, committed 24704K, reserved 1071104K
  class space    used 3129K, capacity 3405K, committed 3456K, reserved 1048576K
}
Event: 14.068 GC heap before
{Heap before GC invocations=8 (full 1):
 PSYoungGen      total 90624K, used 90335K [0x00000000d6300000, 0x00000000df200000, 0x0000000100000000)
  eden space 84480K, 100% used [0x00000000d6300000,0x00000000db580000,0x00000000db580000)
  from space 6144K, 95% used [0x00000000dec00000,0x00000000df1b7d18,0x00000000df200000)
  to   space 8704K, 0% used [0x00000000de100000,0x00000000de100000,0x00000000de980000)
 ParOldGen       total 65536K, used 7044K [0x0000000082800000, 0x0000000086800000, 0x00000000d6300000)
  object space 65536K, 10% used [0x0000000082800000,0x0000000082ee1348,0x0000000086800000)
 Metaspace       used 29216K, capacity 31210K, committed 31488K, reserved 1077248K
  class space    used 3887K, capacity 4274K, committed 4352K, reserved 1048576K
Event: 14.084 GC heap after
Heap after GC invocations=8 (full 1):
 PSYoungGen      total 115200K, used 8681K [0x00000000d6300000, 0x00000000dec80000, 0x0000000100000000)
  eden space 106496K, 0% used [0x00000000d6300000,0x00000000d6300000,0x00000000dcb00000)
  from space 8704K, 99% used [0x00000000de100000,0x00000000de97a748,0x00000000de980000)
  to   space 3072K, 0% used [0x00000000de980000,0x00000000de980000,0x00000000dec80000)
 ParOldGen       total 65536K, used 8192K [0x0000000082800000, 0x0000000086800000, 0x00000000d6300000)
  object space 65536K, 12% used [0x0000000082800000,0x00000000830002d0,0x0000000086800000)
 Metaspace       used 29216K, capacity 31210K, committed 31488K, reserved 1077248K
  class space    used 3887K, capacity 4274K, committed 4352K, reserved 1048576K
}
Event: 15.344 GC heap before
{Heap before GC invocations=9 (full 1):
 PSYoungGen      total 115200K, used 82823K [0x00000000d6300000, 0x00000000dec80000, 0x0000000100000000)
  eden space 106496K, 69% used [0x00000000d6300000,0x00000000dab67720,0x00000000dcb00000)
  from space 8704K, 99% used [0x00000000de100000,0x00000000de97a748,0x00000000de980000)
  to   space 3072K, 0% used [0x00000000de980000,0x00000000de980000,0x00000000dec80000)
 ParOldGen       total 65536K, used 8192K [0x0000000082800000, 0x0000000086800000, 0x00000000d6300000)
  object space 65536K, 12% used [0x0000000082800000,0x00000000830002d0,0x0000000086800000)
 Metaspace       used 33173K, capacity 35458K, committed 35496K, reserved 1079296K
  class space    used 4421K, capacity 4860K, committed 4864K, reserved 1048576K
Event: 15.356 GC heap after
Heap after GC invocations=9 (full 1):
 PSYoungGen      total 128512K, used 3072K [0x00000000d6300000, 0x00000000dfd00000, 0x0000000100000000)
  eden space 125440K, 0% used [0x00000000d6300000,0x00000000d6300000,0x00000000ddd80000)
  from space 3072K, 100% used [0x00000000de980000,0x00000000dec80000,0x00000000dec80000)
  to   space 12288K, 0% used [0x00000000ddd80000,0x00000000ddd80000,0x00000000de980000)
 ParOldGen       total 65536K, used 17085K [0x0000000082800000, 0x0000000086800000, 0x00000000d6300000)
  object space 65536K, 26% used [0x0000000082800000,0x00000000838af450,0x0000000086800000)
 Metaspace       used 33173K, capacity 35458K, committed 35496K, reserved 1079296K
  class space    used 4421K, capacity 4860K, committed 4864K, reserved 1048576K
}
Event: 15.356 GC heap before
{Heap before GC invocations=10 (full 2):
 PSYoungGen      total 128512K, used 3072K [0x00000000d6300000, 0x00000000dfd00000, 0x0000000100000000)
  eden space 125440K, 0% used [0x00000000d6300000,0x00000000d6300000,0x00000000ddd80000)
  from space 3072K, 100% used [0x00000000de980000,0x00000000dec80000,0x00000000dec80000)
  to   space 12288K, 0% used [0x00000000ddd80000,0x00000000ddd80000,0x00000000de980000)
 ParOldGen       total 65536K, used 17085K [0x0000000082800000, 0x0000000086800000, 0x00000000d6300000)
  object space 65536K, 26% used [0x0000000082800000,0x00000000838af450,0x0000000086800000)
 Metaspace       used 33173K, capacity 35458K, committed 35496K, reserved 1079296K
  class space    used 4421K, capacity 4860K, committed 4864K, reserved 1048576K
Event: 15.486 GC heap after
Heap after GC invocations=10 (full 2):
 PSYoungGen      total 128512K, used 0K [0x00000000d6300000, 0x00000000dfd00000, 0x0000000100000000)
  eden space 125440K, 0% used [0x00000000d6300000,0x00000000d6300000,0x00000000ddd80000)
  from space 3072K, 0% used [0x00000000de980000,0x00000000de980000,0x00000000dec80000)
  to   space 12288K, 0% used [0x00000000ddd80000,0x00000000ddd80000,0x00000000de980000)
 ParOldGen       total 116736K, used 17078K [0x0000000082800000, 0x0000000089a00000, 0x00000000d6300000)
  object space 116736K, 14% used [0x0000000082800000,0x00000000838ad9e8,0x0000000089a00000)
 Metaspace       used 33113K, capacity 35362K, committed 35496K, reserved 1079296K
  class space    used 4412K, capacity 4844K, committed 4864K, reserved 1048576K
}

