# JRE version: OpenJDK Runtime Environment (8.0_452-b09) (build 1.8.0_452-b09)
# Java VM: OpenJDK 64-Bit Server VM (25.452-b09 mixed mode windows-amd64 compressed oops)
Heap:
 PSYoungGen      total 185344K, used 75038K [0x00000000d6300000, 0x00000000e3c80000, 0x0000000100000000)
  eden space 174080K, 43% used [0x00000000d6300000,0x00000000dac478b0,0x00000000e0d00000)
  from space 11264K, 0% used [0x00000000e1900000,0x00000000e1900000,0x00000000e2400000)
  to   space 12288K, 0% used [0x00000000e0d00000,0x00000000e0d00000,0x00000000e1900000)
 ParOldGen       total 80384K, used 15218K [0x0000000082800000, 0x0000000087680000, 0x00000000d6300000)
  object space 80384K, 18% used [0x0000000082800000,0x00000000836dc990,0x0000000087680000)
 Metaspace       used 39959K, capacity 42370K, committed 42624K, reserved 1087488K
  class space    used 5037K, capacity 5495K, committed 5504K, reserved 1048576K
GC Heap History (10 events):
Event: 4.799 GC heap before
{Heap before GC invocations=6 (full 1):
 PSYoungGen      total 70656K, used 5093K [0x00000000d6300000, 0x00000000df500000, 0x0000000100000000)
  eden space 65536K, 0% used [0x00000000d6300000,0x00000000d6300000,0x00000000da300000)
  from space 5120K, 99% used [0x00000000da300000,0x00000000da7f9728,0x00000000da800000)
  to   space 9216K, 0% used [0x00000000dec00000,0x00000000dec00000,0x00000000df500000)
 ParOldGen       total 86016K, used 8516K [0x0000000082800000, 0x0000000087c00000, 0x00000000d6300000)
  object space 86016K, 9% used [0x0000000082800000,0x0000000083051268,0x0000000087c00000)
 Metaspace       used 20254K, capacity 21220K, committed 21296K, reserved 1067008K
  class space    used 2653K, capacity 2883K, committed 2944K, reserved 1048576K
Event: 4.846 GC heap after
Heap after GC invocations=6 (full 1):
 PSYoungGen      total 70656K, used 0K [0x00000000d6300000, 0x00000000df500000, 0x0000000100000000)
  eden space 65536K, 0% used [0x00000000d6300000,0x00000000d6300000,0x00000000da300000)
  from space 5120K, 0% used [0x00000000da300000,0x00000000da300000,0x00000000da800000)
  to   space 9216K, 0% used [0x00000000dec00000,0x00000000dec00000,0x00000000df500000)
 ParOldGen       total 53760K, used 6888K [0x0000000082800000, 0x0000000085c80000, 0x00000000d6300000)
  object space 53760K, 12% used [0x0000000082800000,0x0000000082eba0d0,0x0000000085c80000)
 Metaspace       used 20254K, capacity 21220K, committed 21296K, reserved 1067008K
  class space    used 2653K, capacity 2883K, committed 2944K, reserved 1048576K
}
Event: 5.830 GC heap before
{Heap before GC invocations=7 (full 1):
 PSYoungGen      total 70656K, used 65536K [0x00000000d6300000, 0x00000000df500000, 0x0000000100000000)
  eden space 65536K, 100% used [0x00000000d6300000,0x00000000da300000,0x00000000da300000)
  from space 5120K, 0% used [0x00000000da300000,0x00000000da300000,0x00000000da800000)
  to   space 9216K, 0% used [0x00000000dec00000,0x00000000dec00000,0x00000000df500000)
 ParOldGen       total 53760K, used 6888K [0x0000000082800000, 0x0000000085c80000, 0x00000000d6300000)
  object space 53760K, 12% used [0x0000000082800000,0x0000000082eba0d0,0x0000000085c80000)
 Metaspace       used 23278K, capacity 24522K, committed 24704K, reserved 1071104K
  class space    used 3135K, capacity 3436K, committed 3456K, reserved 1048576K
Event: 5.837 GC heap after
Heap after GC invocations=7 (full 1):
 PSYoungGen      total 114688K, used 6015K [0x00000000d6300000, 0x00000000df200000, 0x0000000100000000)
  eden space 108544K, 0% used [0x00000000d6300000,0x00000000d6300000,0x00000000dcd00000)
  from space 6144K, 97% used [0x00000000dec00000,0x00000000df1dfef0,0x00000000df200000)
  to   space 9216K, 0% used [0x00000000de000000,0x00000000de000000,0x00000000de900000)
 ParOldGen       total 53760K, used 6896K [0x0000000082800000, 0x0000000085c80000, 0x00000000d6300000)
  object space 53760K, 12% used [0x0000000082800000,0x0000000082ebc0d0,0x0000000085c80000)
 Metaspace       used 23278K, capacity 24522K, committed 24704K, reserved 1071104K
  class space    used 3135K, capacity 3436K, committed 3456K, reserved 1048576K
}
Event: 7.401 GC heap before
{Heap before GC invocations=8 (full 1):
 PSYoungGen      total 114688K, used 114559K [0x00000000d6300000, 0x00000000df200000, 0x0000000100000000)
  eden space 108544K, 100% used [0x00000000d6300000,0x00000000dcd00000,0x00000000dcd00000)
  from space 6144K, 97% used [0x00000000dec00000,0x00000000df1dfef0,0x00000000df200000)
  to   space 9216K, 0% used [0x00000000de000000,0x00000000de000000,0x00000000de900000)
 ParOldGen       total 53760K, used 6896K [0x0000000082800000, 0x0000000085c80000, 0x00000000d6300000)
  object space 53760K, 12% used [0x0000000082800000,0x0000000082ebc0d0,0x0000000085c80000)
 Metaspace       used 30455K, capacity 32414K, committed 32640K, reserved 1077248K
  class space    used 4053K, capacity 4466K, committed 4480K, reserved 1048576K
Event: 7.412 GC heap after
Heap after GC invocations=8 (full 1):
 PSYoungGen      total 137216K, used 9198K [0x00000000d6300000, 0x00000000e2400000, 0x0000000100000000)
  eden space 128000K, 0% used [0x00000000d6300000,0x00000000d6300000,0x00000000de000000)
  from space 9216K, 99% used [0x00000000de000000,0x00000000de8fbb38,0x00000000de900000)
  to   space 11264K, 0% used [0x00000000e1900000,0x00000000e1900000,0x00000000e2400000)
 ParOldGen       total 53760K, used 9256K [0x0000000082800000, 0x0000000085c80000, 0x00000000d6300000)
  object space 53760K, 17% used [0x0000000082800000,0x000000008310a260,0x0000000085c80000)
 Metaspace       used 30455K, capacity 32414K, committed 32640K, reserved 1077248K
  class space    used 4053K, capacity 4466K, committed 4480K, reserved 1048576K
}
Event: 23.831 GC heap before
{Heap before GC invocations=9 (full 1):
 PSYoungGen      total 137216K, used 59094K [0x00000000d6300000, 0x00000000e2400000, 0x0000000100000000)
  eden space 128000K, 38% used [0x00000000d6300000,0x00000000d93b9d38,0x00000000de000000)
  from space 9216K, 99% used [0x00000000de000000,0x00000000de8fbb38,0x00000000de900000)
  to   space 11264K, 0% used [0x00000000e1900000,0x00000000e1900000,0x00000000e2400000)
 ParOldGen       total 53760K, used 9256K [0x0000000082800000, 0x0000000085c80000, 0x00000000d6300000)
  object space 53760K, 17% used [0x0000000082800000,0x000000008310a260,0x0000000085c80000)
 Metaspace       used 33046K, capacity 35350K, committed 35496K, reserved 1079296K
  class space    used 4425K, capacity 4858K, committed 4864K, reserved 1048576K
Event: 23.853 GC heap after
Heap after GC invocations=9 (full 1):
 PSYoungGen      total 185344K, used 10847K [0x00000000d6300000, 0x00000000e3c80000, 0x0000000100000000)
  eden space 174080K, 0% used [0x00000000d6300000,0x00000000d6300000,0x00000000e0d00000)
  from space 11264K, 96% used [0x00000000e1900000,0x00000000e2397d58,0x00000000e2400000)
  to   space 12288K, 0% used [0x00000000e0d00000,0x00000000e0d00000,0x00000000e1900000)
 ParOldGen       total 53760K, used 9264K [0x0000000082800000, 0x0000000085c80000, 0x00000000d6300000)
  object space 53760K, 17% used [0x0000000082800000,0x000000008310c260,0x0000000085c80000)
 Metaspace       used 33046K, capacity 35350K, committed 35496K, reserved 1079296K
  class space    used 4425K, capacity 4858K, committed 4864K, reserved 1048576K
}
Event: 23.853 GC heap before
{Heap before GC invocations=10 (full 2):
 PSYoungGen      total 185344K, used 10847K [0x00000000d6300000, 0x00000000e3c80000, 0x0000000100000000)
  eden space 174080K, 0% used [0x00000000d6300000,0x00000000d6300000,0x00000000e0d00000)
  from space 11264K, 96% used [0x00000000e1900000,0x00000000e2397d58,0x00000000e2400000)
  to   space 12288K, 0% used [0x00000000e0d00000,0x00000000e0d00000,0x00000000e1900000)
 ParOldGen       total 53760K, used 9264K [0x0000000082800000, 0x0000000085c80000, 0x00000000d6300000)
  object space 53760K, 17% used [0x0000000082800000,0x000000008310c260,0x0000000085c80000)
 Metaspace       used 33046K, capacity 35350K, committed 35496K, reserved 1079296K
  class space    used 4425K, capacity 4858K, committed 4864K, reserved 1048576K
Event: 23.981 GC heap after
Heap after GC invocations=10 (full 2):
 PSYoungGen      total 185344K, used 0K [0x00000000d6300000, 0x00000000e3c80000, 0x0000000100000000)
  eden space 174080K, 0% used [0x00000000d6300000,0x00000000d6300000,0x00000000e0d00000)
  from space 11264K, 0% used [0x00000000e1900000,0x00000000e1900000,0x00000000e2400000)
  to   space 12288K, 0% used [0x00000000e0d00000,0x00000000e0d00000,0x00000000e1900000)
 ParOldGen       total 80384K, used 15218K [0x0000000082800000, 0x0000000087680000, 0x00000000d6300000)
  object space 80384K, 18% used [0x0000000082800000,0x00000000836dc990,0x0000000087680000)
 Metaspace       used 33038K, capacity 35338K, committed 35496K, reserved 1079296K
  class space    used 4424K, capacity 4856K, committed 4864K, reserved 1048576K
}

